  main.cpp
  glad.c
main.obj : error LNK2019: unresolved external symbol __imp_glewInit referenced in function main
main.obj : error LNK2019: unresolved external symbol glfwInit referenced in function main
main.obj : error LNK2019: unresolved external symbol glfwTerminate referenced in function main
main.obj : error LNK2019: unresolved external symbol glfwWindowHint referenced in function main
main.obj : error LNK2019: unresolved external symbol glfwCreateWindow referenced in function main
main.obj : error LNK2019: unresolved external symbol glfwDestroyWindow referenced in function main
main.obj : error LNK2019: unresolved external symbol glfwWindowShouldClose referenced in function main
main.obj : error LNK2019: unresolved external symbol glfwSetWindowShouldClose referenced in function "void __cdecl updateInput(struct GLFWwindow *)" (?updateInput@@YAXPEAUGLFWwindow@@@Z)
main.obj : error LNK2019: unresolved external symbol glfwGetFramebufferSize referenced in function main
main.obj : error LNK2019: unresolved external symbol glfwSetFramebufferSizeCallback referenced in function main
main.obj : error LNK2019: unresolved external symbol glfwPollEvents referenced in function main
main.obj : error LNK2019: unresolved external symbol glfwGetKey referenced in function "void __cdecl updateInput(struct GLFWwindow *)" (?updateInput@@YAXPEAUGLFWwindow@@@Z)
main.obj : error LNK2019: unresolved external symbol glfwMakeContextCurrent referenced in function main
main.obj : error LNK2019: unresolved external symbol glfwSwapBuffers referenced in function main
main.obj : error LNK2019: unresolved external symbol SOIL_load_image referenced in function main
main.obj : error LNK2019: unresolved external symbol SOIL_free_image_data referenced in function main
main.obj : error LNK2001: unresolved external symbol __imp___glewActiveTexture
main.obj : error LNK2001: unresolved external symbol __imp___glewBindBuffer
main.obj : error LNK2001: unresolved external symbol __imp___glewBufferData
main.obj : error LNK2001: unresolved external symbol __imp___glewGenBuffers
main.obj : error LNK2001: unresolved external symbol __imp___glewAttachShader
main.obj : error LNK2001: unresolved external symbol __imp___glewCompileShader
main.obj : error LNK2001: unresolved external symbol __imp___glewCreateProgram
main.obj : error LNK2001: unresolved external symbol __imp___glewCreateShader
main.obj : error LNK2001: unresolved external symbol __imp___glewDeleteProgram
main.obj : error LNK2001: unresolved external symbol __imp___glewDeleteShader
main.obj : error LNK2001: unresolved external symbol __imp___glewEnableVertexAttribArray
main.obj : error LNK2001: unresolved external symbol __imp___glewGetProgramInfoLog
main.obj : error LNK2001: unresolved external symbol __imp___glewGetProgramiv
main.obj : error LNK2001: unresolved external symbol __imp___glewGetShaderInfoLog
main.obj : error LNK2001: unresolved external symbol __imp___glewGetShaderiv
main.obj : error LNK2001: unresolved external symbol __imp___glewGetUniformLocation
main.obj : error LNK2001: unresolved external symbol __imp___glewLinkProgram
main.obj : error LNK2001: unresolved external symbol __imp___glewShaderSource
main.obj : error LNK2001: unresolved external symbol __imp___glewUniform1i
main.obj : error LNK2001: unresolved external symbol __imp___glewUniform3fv
main.obj : error LNK2001: unresolved external symbol __imp___glewUniformMatrix4fv
main.obj : error LNK2001: unresolved external symbol __imp___glewUseProgram
main.obj : error LNK2001: unresolved external symbol __imp___glewVertexAttribPointer
main.obj : error LNK2001: unresolved external symbol __imp___glewCreateVertexArrays
main.obj : error LNK2001: unresolved external symbol __imp___glewGenerateMipmap
main.obj : error LNK2001: unresolved external symbol __imp___glewBindVertexArray
main.obj : error LNK2001: unresolved external symbol __imp_glewExperimental
D:\PENS\SEMESTER 5\PENGANTAR GRAFIKA KOMPUTER\PRAKTIKUM\Konfigurasi Baru\lib\glfw3.lib : warning LNK4272: library machine type 'x86' conflicts with target machine type 'x64'
D:\PENS\SEMESTER 5\PENGANTAR GRAFIKA KOMPUTER\PRAKTIKUM\Tugas14\x64\Debug\OpenGL.exe : fatal error LNK1120: 43 unresolved externals
