  main.cpp
  glad.c
LINK : warning LNK4098: defaultlib 'MSVCRT' conflicts with use of other libs; use /NODEFAULTLIB:library
main.obj : error LNK2019: unresolved external symbol __imp__glewInit@0 referenced in function _main
main.obj : error LNK2019: unresolved external symbol _SOIL_load_image referenced in function _main
main.obj : error LNK2019: unresolved external symbol _SOIL_free_image_data referenced in function _main
main.obj : error LNK2001: unresolved external symbol __imp____glewActiveTexture
main.obj : error LNK2001: unresolved external symbol __imp____glewBindBuffer
main.obj : error LNK2001: unresolved external symbol __imp____glewBufferData
main.obj : error LNK2001: unresolved external symbol __imp____glewGenBuffers
main.obj : error LNK2001: unresolved external symbol __imp____glewAttachShader
main.obj : error LNK2001: unresolved external symbol __imp____glewCompileShader
main.obj : error LNK2001: unresolved external symbol __imp____glewCreateProgram
main.obj : error LNK2001: unresolved external symbol __imp____glewCreateShader
main.obj : error LNK2001: unresolved external symbol __imp____glewDeleteProgram
main.obj : error LNK2001: unresolved external symbol __imp____glewDeleteShader
main.obj : error LNK2001: unresolved external symbol __imp____glewEnableVertexAttribArray
main.obj : error LNK2001: unresolved external symbol __imp____glewGetProgramInfoLog
main.obj : error LNK2001: unresolved external symbol __imp____glewGetProgramiv
main.obj : error LNK2001: unresolved external symbol __imp____glewGetShaderInfoLog
main.obj : error LNK2001: unresolved external symbol __imp____glewGetShaderiv
main.obj : error LNK2001: unresolved external symbol __imp____glewGetUniformLocation
main.obj : error LNK2001: unresolved external symbol __imp____glewLinkProgram
main.obj : error LNK2001: unresolved external symbol __imp____glewShaderSource
main.obj : error LNK2001: unresolved external symbol __imp____glewUniform1i
main.obj : error LNK2001: unresolved external symbol __imp____glewUniform3fv
main.obj : error LNK2001: unresolved external symbol __imp____glewUniformMatrix4fv
main.obj : error LNK2001: unresolved external symbol __imp____glewUseProgram
main.obj : error LNK2001: unresolved external symbol __imp____glewVertexAttribPointer
main.obj : error LNK2001: unresolved external symbol __imp____glewCreateVertexArrays
main.obj : error LNK2001: unresolved external symbol __imp____glewGenerateMipmap
main.obj : error LNK2001: unresolved external symbol __imp____glewBindVertexArray
main.obj : error LNK2001: unresolved external symbol __imp__glewExperimental
D:\PENS\SEMESTER 5\PENGANTAR GRAFIKA KOMPUTER\PRAKTIKUM\Tugas14\Debug\OpenGL.exe : fatal error LNK1120: 30 unresolved externals
